<!DOCTYPE html PUBLIC "-//W3C//DTD XHTML 1.1//EN" "http://www.w3.org/TR/xhtml11/DTD/xhtml11.dtd">
<html xmlns="http://www.w3.org/1999/xhtml"><head><title>TestNG Report</title><style type="text/css">table {margin-bottom:10px;border-collapse:collapse;empty-cells:show}th,td {border:1px solid #009;padding:.25em .5em}th {vertical-align:bottom}td {vertical-align:top}table a {font-weight:bold}.stripe td {background-color: #E6EBF9}.num {text-align:right}.passedodd td {background-color: #3F3}.passedeven td {background-color: #0A0}.skippedodd td {background-color: #DDD}.skippedeven td {background-color: #CCC}.failedodd td,.attn {background-color: #F33}.failedeven td,.stripe .attn {background-color: #D00}.stacktrace {white-space:pre;font-family:monospace}.totop {font-size:85%;text-align:center;border-bottom:2px solid #000}</style></head><body><table><tr><th>Test</th><th># Passed</th><th># Skipped</th><th># Failed</th><th>Time (ms)</th><th>Included Groups</th><th>Excluded Groups</th></tr><tr><th colspan="7">Suite</th></tr><tr><td><a href="#t0">Test</a></td><td class="num">0</td><td class="num">0</td><td class="num attn">1</td><td class="num">221,724</td><td></td><td></td></tr></table><table><thead><tr><th>Class</th><th>Method</th><th>Start</th><th>Time (ms)</th></tr></thead><tbody><tr><th colspan="4">Suite</th></tr></tbody><tbody id="t0"><tr><th colspan="4">Test &#8212; failed</th></tr><tr class="failedeven"><td rowspan="1">com.northgateps.cm.testRunner.TestRunner_ST</td><td><a href="#m0">feature</a></td><td rowspan="1">1565950311130</td><td rowspan="1">220798</td></tr></tbody></table><h2>Test</h2><h3 id="m0">com.northgateps.cm.testRunner.TestRunner_ST#feature</h3><table class="result"><tr class="param"><th>Parameter #1</th></tr><tr class="param stripe"><td>Forensic Investigation Unit test for Source</td></tr><tr><th>Exception</th></tr><tr><td><div class="stacktrace">cucumber.runtime.CucumberException: java.lang.AssertionError: Test Failed due to this exception : org.openqa.selenium.NoSuchElementException: no such element: Unable to locate element: {&quot;method&quot;:&quot;css selector&quot;,&quot;selector&quot;:&quot;div[id^=&apos;ext-conm-cards-type-objectFooter-&apos;]&quot;}
  (Session info: chrome=76.0.3809.100)
For documentation on this error, please visit: https://www.seleniumhq.org/exceptions/no_such_element.html
Build info: version: &apos;3.141.59&apos;, revision: &apos;e82be7d358&apos;, time: &apos;2018-11-14T08:17:03&apos;
System info: host: &apos;MUM-LAP-849&apos;, ip: &apos;10.102.193.114&apos;, os.name: &apos;Windows 10&apos;, os.arch: &apos;amd64&apos;, os.version: &apos;10.0&apos;, java.version: &apos;1.8.0_201&apos;
Driver info: org.openqa.selenium.chrome.ChromeDriver
Capabilities {acceptInsecureCerts: false, browserName: chrome, browserVersion: 76.0.3809.100, chrome: {chromedriverVersion: 76.0.3809.68 (420c9498db8ce..., userDataDir: C:\Users\BALRAJ~1.ULL\AppDa...}, goog:chromeOptions: {debuggerAddress: localhost:60623}, javascriptEnabled: true, networkConnectionEnabled: false, pageLoadStrategy: normal, platform: XP, platformName: XP, proxy: Proxy(), setWindowRect: true, strictFileInteractability: false, timeouts: {implicit: 0, pageLoad: 300000, script: 30000}, unhandledPromptBehavior: dismiss and notify}
Session ID: 0bc55daa691699cd11da115ea589b648
*** Element info: {Using=css selector, value=div[id^=&apos;ext-conm-cards-type-objectFooter-&apos;]}
	at com.northgateps.cm.platform.api.CustomTestNGCucumberRunner.runCucumber(CustomTestNGCucumberRunner.java:112)
	at com.northgateps.cm.platform.api.CustomAbstractTestNGCucumberTests.feature(CustomAbstractTestNGCucumberTests.java:25)
Caused by: java.lang.AssertionError: Test Failed due to this exception : org.openqa.selenium.NoSuchElementException: no such element: Unable to locate element: {&quot;method&quot;:&quot;css selector&quot;,&quot;selector&quot;:&quot;div[id^=&apos;ext-conm-cards-type-objectFooter-&apos;]&quot;}
  (Session info: chrome=76.0.3809.100)
For documentation on this error, please visit: https://www.seleniumhq.org/exceptions/no_such_element.html
Build info: version: &apos;3.141.59&apos;, revision: &apos;e82be7d358&apos;, time: &apos;2018-11-14T08:17:03&apos;
System info: host: &apos;MUM-LAP-849&apos;, ip: &apos;10.102.193.114&apos;, os.name: &apos;Windows 10&apos;, os.arch: &apos;amd64&apos;, os.version: &apos;10.0&apos;, java.version: &apos;1.8.0_201&apos;
Driver info: org.openqa.selenium.chrome.ChromeDriver
Capabilities {acceptInsecureCerts: false, browserName: chrome, browserVersion: 76.0.3809.100, chrome: {chromedriverVersion: 76.0.3809.68 (420c9498db8ce..., userDataDir: C:\Users\BALRAJ~1.ULL\AppDa...}, goog:chromeOptions: {debuggerAddress: localhost:60623}, javascriptEnabled: true, networkConnectionEnabled: false, pageLoadStrategy: normal, platform: XP, platformName: XP, proxy: Proxy(), setWindowRect: true, strictFileInteractability: false, timeouts: {implicit: 0, pageLoad: 300000, script: 30000}, unhandledPromptBehavior: dismiss and notify}
Session ID: 0bc55daa691699cd11da115ea589b648
*** Element info: {Using=css selector, value=div[id^=&apos;ext-conm-cards-type-objectFooter-&apos;]}
	at com.northgateps.cm.platform.api.ConnectMobilePageHelper.CloseFailedTest(ConnectMobilePageHelper.java:1777)
	at com.northgateps.cm.intel.WebMobileWrappers.IntelWebPageObject.CloseFailedTest(IntelWebPageObject.java:1534)
	at com.northgateps.cm.intel.WebMobileWrappers.IntelWebMobileWrapper.CloseFailedTest(IntelWebMobileWrapper.java:399)
	at com.northgateps.cm.intel.stepDefs.IntelFTS01.userHasCompletedAllTheFieldsOnTheCardWithLinkReason(IntelFTS01.java:49)
	at ?.And User has completed all the fields on the &quot;Incident location&quot; card with Link Reason &quot;&quot;(resources/Features/SmokeTests/Location.feature:14)
... Removed 25 stack frames</div></td></tr></table><p class="totop"><a href="#summary">back to summary</a></p></body></html>