<html>
<head>
<title>TestNG:  Test</title>
<link href="../testng.css" rel="stylesheet" type="text/css" />
<link href="../my-testng.css" rel="stylesheet" type="text/css" />

<style type="text/css">
.log { display: none;} 
.stack-trace { display: none;} 
</style>
<script type="text/javascript">
<!--
function flip(e) {
  current = e.style.display;
  if (current == 'block') {
    e.style.display = 'none';
    return 0;
  }
  else {
    e.style.display = 'block';
    return 1;
  }
}

function toggleBox(szDivId, elem, msg1, msg2)
{
  var res = -1;  if (document.getElementById) {
    res = flip(document.getElementById(szDivId));
  }
  else if (document.all) {
    // this is the way old msie versions work
    res = flip(document.all[szDivId]);
  }
  if(elem) {
    if(res == 0) elem.innerHTML = msg1; else elem.innerHTML = msg2;
  }

}

function toggleAllBoxes() {
  if (document.getElementsByTagName) {
    d = document.getElementsByTagName('div');
    for (i = 0; i < d.length; i++) {
      if (d[i].className == 'log') {
        flip(d[i]);
      }
    }
  }
}

// -->
</script>

</head>
<body>
<h2 align='center'>Test</h2><table border='1' align="center">
<tr>
<td>Tests passed/Failed/Skipped:</td><td>0/1/0</td>
</tr><tr>
<td>Started on:</td><td>Wed Aug 28 13:38:48 IST 2019</td>
</tr>
<tr><td>Total time:</td><td>133 seconds (133264 ms)</td>
</tr><tr>
<td>Included groups:</td><td></td>
</tr><tr>
<td>Excluded groups:</td><td></td>
</tr>
</table><p/>
<small><i>(Hover the method name to see the test class name)</i></small><p/>
<table width='100%' border='1' class='invocation-failed'>
<tr><td colspan='4' align='center'><b>FAILED TESTS</b></td></tr>
<tr><td><b>Test method</b></td>
<td width="30%"><b>Exception</b></td>
<td width="10%"><b>Time (seconds)</b></td>
<td><b>Instance</b></td>
</tr>
<tr>
<td title='com.northgateps.cm.testRunner.TestRunner_ST.feature()'><b>feature</b><br>Test class: com.northgateps.cm.testRunner.TestRunner_ST<br>Test method: Runs Cucumber Feature<br>Parameters: Forensic Investigation Unit test for Location</td>
<td><div><pre>cucumber.runtime.CucumberException: java.lang.AssertionError: Test Failed due to this exception : org.openqa.selenium.UnhandledAlertException: unexpected alert open: {Alert text : }
  (Session info: chrome=76.0.3809.132): 
Build info: version: &apos;3.141.59&apos;, revision: &apos;e82be7d358&apos;, time: &apos;2018-11-14T08:17:03&apos;
System info: host: &apos;MUM-LAP-849&apos;, ip: &apos;10.102.193.114&apos;, os.name: &apos;Windows 10&apos;, os.arch: &apos;amd64&apos;, os.version: &apos;10.0&apos;, java.version: &apos;1.8.0_201&apos;
Driver info: org.openqa.selenium.chrome.ChromeDriver
Capabilities {acceptInsecureCerts: false, browserName: chrome, browserVersion: 76.0.3809.132, chrome: {chromedriverVersion: 76.0.3809.126 (d80a294506b4..., userDataDir: C:\Users\BALRAJ~1.ULL\AppDa...}, goog:chromeOptions: {debuggerAddress: localhost:57912}, javascriptEnabled: true, networkConnectionEnabled: false, pageLoadStrategy: normal, platform: XP, platformName: XP, proxy: Proxy(), setWindowRect: true, strictFileInteractability: false, timeouts: {implicit: 0, pageLoad: 300000, script: 30000}, unhandledPromptBehavior: dismiss and notify}
Session ID: bfba172ee62ce60012173db960df46a9
*** Element info: {Using=xpath, value=//table[@id=&apos;fontIcon_homeMessage&apos;]}
	at com.northgateps.cm.platform.api.CustomTestNGCucumberRunner.runCucumber(CustomTestNGCucumberRunner.java:112)
	at com.northgateps.cm.platform.api.CustomAbstractTestNGCucumberTests.feature(CustomAbstractTestNGCucumberTests.java:25)
Caused by: java.lang.AssertionError: Test Failed due to this exception : org.openqa.selenium.UnhandledAlertException: unexpected alert open: {Alert text : }
  (Session info: chrome=76.0.3809.132): 
Build info: version: &apos;3.141.59&apos;, revision: &apos;e82be7d358&apos;, time: &apos;2018-11-14T08:17:03&apos;
System info: host: &apos;MUM-LAP-849&apos;, ip: &apos;10.102.193.114&apos;, os.name: &apos;Windows 10&apos;, os.arch: &apos;amd64&apos;, os.version: &apos;10.0&apos;, java.version: &apos;1.8.0_201&apos;
Driver info: org.openqa.selenium.chrome.ChromeDriver
Capabilities {acceptInsecureCerts: false, browserName: chrome, browserVersion: 76.0.3809.132, chrome: {chromedriverVersion: 76.0.3809.126 (d80a294506b4..., userDataDir: C:\Users\BALRAJ~1.ULL\AppDa...}, goog:chromeOptions: {debuggerAddress: localhost:57912}, javascriptEnabled: true, networkConnectionEnabled: false, pageLoadStrategy: normal, platform: XP, platformName: XP, proxy: Proxy(), setWindowRect: true, strictFileInteractability: false, timeouts: {implicit: 0, pageLoad: 300000, script: 30000}, unhandledPromptBehavior: dismiss and notify}
Session ID: bfba172ee62ce60012173db960df46a9
*** Element info: {Using=xpath, value=//table[@id=&apos;fontIcon_homeMessage&apos;]}
	at com.northgateps.cm.platform.api.ConnectMobilePageHelper.CloseFailedTest(ConnectMobilePageHelper.java:1777)
	at com.northgateps.cm.intel.WebMobileWrappers.IntelWebPageObject.CloseFailedTest(IntelWebPageObject.java:1537)
	at com.northgateps.cm.intel.WebMobileWrappers.IntelWebMobileWrapper.CloseFailedTest(IntelWebMobileWrapper.java:402)
	at com.northgateps.cm.intel.stepDefs.IntelFTS01.userIsOnCardIndexScreenForACreateGenericInvestigation(IntelFTS01.java:94)
	at ?.Given User is on Card Index screen for a &apos;Create Generic Investigation&apos;(resources/Features/SmokeTests/Location.feature:19)
... Removed 25 stack frames</pre></div><a href='#' onClick='toggleBox("stack-trace1338229093", this, "Click to show all stack frames", "Click to hide stack frames")'>Click to show all stack frames</a>
<div class='stack-trace' id='stack-trace1338229093'><pre>cucumber.runtime.CucumberException: java.lang.AssertionError: Test Failed due to this exception : org.openqa.selenium.UnhandledAlertException: unexpected alert open: {Alert text : }
  (Session info: chrome=76.0.3809.132): 
Build info: version: &apos;3.141.59&apos;, revision: &apos;e82be7d358&apos;, time: &apos;2018-11-14T08:17:03&apos;
System info: host: &apos;MUM-LAP-849&apos;, ip: &apos;10.102.193.114&apos;, os.name: &apos;Windows 10&apos;, os.arch: &apos;amd64&apos;, os.version: &apos;10.0&apos;, java.version: &apos;1.8.0_201&apos;
Driver info: org.openqa.selenium.chrome.ChromeDriver
Capabilities {acceptInsecureCerts: false, browserName: chrome, browserVersion: 76.0.3809.132, chrome: {chromedriverVersion: 76.0.3809.126 (d80a294506b4..., userDataDir: C:\Users\BALRAJ~1.ULL\AppDa...}, goog:chromeOptions: {debuggerAddress: localhost:57912}, javascriptEnabled: true, networkConnectionEnabled: false, pageLoadStrategy: normal, platform: XP, platformName: XP, proxy: Proxy(), setWindowRect: true, strictFileInteractability: false, timeouts: {implicit: 0, pageLoad: 300000, script: 30000}, unhandledPromptBehavior: dismiss and notify}
Session ID: bfba172ee62ce60012173db960df46a9
*** Element info: {Using=xpath, value=//table[@id=&apos;fontIcon_homeMessage&apos;]}
	at com.northgateps.cm.platform.api.CustomTestNGCucumberRunner.runCucumber(CustomTestNGCucumberRunner.java:112)
	at com.northgateps.cm.platform.api.CustomAbstractTestNGCucumberTests.feature(CustomAbstractTestNGCucumberTests.java:25)
	at sun.reflect.NativeMethodAccessorImpl.invoke0(Native Method)
	at sun.reflect.NativeMethodAccessorImpl.invoke(Unknown Source)
	at sun.reflect.DelegatingMethodAccessorImpl.invoke(Unknown Source)
	at java.lang.reflect.Method.invoke(Unknown Source)
	at org.testng.internal.MethodInvocationHelper.invokeMethod(MethodInvocationHelper.java:84)
	at org.testng.internal.Invoker.invokeMethod(Invoker.java:714)
	at org.testng.internal.Invoker.invokeTestMethod(Invoker.java:901)
	at org.testng.internal.Invoker.invokeTestMethods(Invoker.java:1231)
	at org.testng.internal.TestMethodWorker.invokeTestMethods(TestMethodWorker.java:127)
	at org.testng.internal.TestMethodWorker.run(TestMethodWorker.java:111)
	at org.testng.TestRunner.privateRun(TestRunner.java:767)
	at org.testng.TestRunner.run(TestRunner.java:617)
	at org.testng.SuiteRunner.runTest(SuiteRunner.java:334)
	at org.testng.SuiteRunner.runSequentially(SuiteRunner.java:329)
	at org.testng.SuiteRunner.privateRun(SuiteRunner.java:291)
	at org.testng.SuiteRunner.run(SuiteRunner.java:240)
	at org.testng.SuiteRunnerWorker.runSuite(SuiteRunnerWorker.java:52)
	at org.testng.SuiteRunnerWorker.run(SuiteRunnerWorker.java:86)
	at org.testng.TestNG.runSuitesSequentially(TestNG.java:1224)
	at org.testng.TestNG.runSuitesLocally(TestNG.java:1149)
	at org.testng.TestNG.run(TestNG.java:1057)
	at org.testng.remote.AbstractRemoteTestNG.run(AbstractRemoteTestNG.java:132)
	at org.testng.remote.RemoteTestNG.initAndRun(RemoteTestNG.java:236)
	at org.testng.remote.RemoteTestNG.main(RemoteTestNG.java:81)
Caused by: java.lang.AssertionError: Test Failed due to this exception : org.openqa.selenium.UnhandledAlertException: unexpected alert open: {Alert text : }
  (Session info: chrome=76.0.3809.132): 
Build info: version: &apos;3.141.59&apos;, revision: &apos;e82be7d358&apos;, time: &apos;2018-11-14T08:17:03&apos;
System info: host: &apos;MUM-LAP-849&apos;, ip: &apos;10.102.193.114&apos;, os.name: &apos;Windows 10&apos;, os.arch: &apos;amd64&apos;, os.version: &apos;10.0&apos;, java.version: &apos;1.8.0_201&apos;
Driver info: org.openqa.selenium.chrome.ChromeDriver
Capabilities {acceptInsecureCerts: false, browserName: chrome, browserVersion: 76.0.3809.132, chrome: {chromedriverVersion: 76.0.3809.126 (d80a294506b4..., userDataDir: C:\Users\BALRAJ~1.ULL\AppDa...}, goog:chromeOptions: {debuggerAddress: localhost:57912}, javascriptEnabled: true, networkConnectionEnabled: false, pageLoadStrategy: normal, platform: XP, platformName: XP, proxy: Proxy(), setWindowRect: true, strictFileInteractability: false, timeouts: {implicit: 0, pageLoad: 300000, script: 30000}, unhandledPromptBehavior: dismiss and notify}
Session ID: bfba172ee62ce60012173db960df46a9
*** Element info: {Using=xpath, value=//table[@id=&apos;fontIcon_homeMessage&apos;]}
	at org.testng.Assert.fail(Assert.java:94)
	at com.northgateps.cm.platform.api.ConnectMobilePageHelper.CloseFailedTest(ConnectMobilePageHelper.java:1777)
	at com.northgateps.cm.intel.WebMobileWrappers.IntelWebPageObject.CloseFailedTest(IntelWebPageObject.java:1537)
	at com.northgateps.cm.intel.WebMobileWrappers.IntelWebMobileWrapper.CloseFailedTest(IntelWebMobileWrapper.java:402)
	at com.northgateps.cm.intel.stepDefs.IntelFTS01.userIsOnCardIndexScreenForACreateGenericInvestigation(IntelFTS01.java:94)
	at ?.Given User is on Card Index screen for a &apos;Create Generic Investigation&apos;(resources/Features/SmokeTests/Location.feature:19)
</pre></div></td>
<td>131</td>
<td>com.northgateps.cm.testRunner.TestRunner_ST@3dd4520b</td></tr>
</table><p>
</body>
</html>